\BOOKMARK [0][-]{chapter.1}{\376\377\0001\000\040\000O\000s\000z\000t\000\341\000l\000y\000m\000u\000t\000a\000t\000\363}{}% 1
\BOOKMARK [1][-]{section.1.1}{\376\377\0001\000.\0001\000\040\000O\000s\000z\000t\000\341\000l\000y\000l\000i\000s\000t\000a}{chapter.1}% 2
\BOOKMARK [0][-]{chapter.2}{\376\377\0002\000\040\000O\000s\000z\000t\000\341\000l\000y\000o\000k\000\040\000d\000o\000k\000u\000m\000e\000n\000t\000\341\000c\000i\000\363\000j\000a}{}% 3
\BOOKMARK [1][-]{section.2.1}{\376\377\0002\000.\0001\000\040\000B\000C\000D\000\040\000o\000s\000z\000t\000\341\000l\000y\000r\000e\000f\000e\000r\000e\000n\000c\000i\000a}{chapter.2}% 4
\BOOKMARK [2][-]{subsection.2.1.1}{\376\377\0002\000.\0001\000.\0001\000\040\000R\000\351\000s\000z\000l\000e\000t\000e\000s\000\040\000l\000e\000\355\000r\000\341\000s}{section.2.1}% 5
\BOOKMARK [2][-]{subsection.2.1.2}{\376\377\0002\000.\0001\000.\0002\000\040\000K\000o\000n\000s\000t\000r\000u\000k\000t\000o\000r\000o\000k\000\040\000\351\000s\000\040\000d\000e\000s\000t\000r\000u\000k\000t\000o\000r\000o\000k\000\040\000d\000o\000k\000u\000m\000e\000n\000t\000\341\000c\000i\000\363\000j\000a}{section.2.1}% 6
\BOOKMARK [3][-]{subsubsection.2.1.2.1}{\376\377\0002\000.\0001\000.\0002\000.\0001\000\040\000B\000C\000D\000\050\000i\000n\000t\000\040\000d\000a\000r\000a\000b\000=\0000\000\051}{subsection.2.1.2}% 7
\BOOKMARK [3][-]{subsubsection.2.1.2.2}{\376\377\0002\000.\0001\000.\0002\000.\0002\000\040\000B\000C\000D\000\050\000i\000n\000t\000\040\000*\000d\000a\000t\000a\000,\000\040\000i\000n\000t\000\040\000d\000a\000r\000a\000b\000\051}{subsection.2.1.2}% 8
\BOOKMARK [3][-]{subsubsection.2.1.2.3}{\376\377\0002\000.\0001\000.\0002\000.\0003\000\040\000B\000C\000D\000\050\000c\000o\000n\000s\000t\000\040\000B\000C\000D\000\040\000r\000h\000s\000\051}{subsection.2.1.2}% 9
\BOOKMARK [3][-]{subsubsection.2.1.2.4}{\376\377\0002\000.\0001\000.\0002\000.\0004\000\040\000\040\000B\000C\000D\000\050\000\051}{subsection.2.1.2}% 10
\BOOKMARK [2][-]{subsection.2.1.3}{\376\377\0002\000.\0001\000.\0003\000\040\000T\000a\000g\000f\000\374\000g\000g\000v\000\351\000n\000y\000e\000k\000\040\000d\000o\000k\000u\000m\000e\000n\000t\000\341\000c\000i\000\363\000j\000a}{section.2.1}% 11
\BOOKMARK [3][-]{subsubsection.2.1.3.1}{\376\377\0002\000.\0001\000.\0003\000.\0001\000\040\000b\000c\000d\000t\000o\000d\000e\000c\000\050\000\051}{subsection.2.1.3}% 12
\BOOKMARK [3][-]{subsubsection.2.1.3.2}{\376\377\0002\000.\0001\000.\0003\000.\0002\000\040\000o\000p\000e\000r\000a\000t\000o\000r\000!\000=\000\050\000B\000C\000D\000\040\000\051\000\040\000c\000o\000n\000s\000t\000\040}{subsection.2.1.3}% 13
\BOOKMARK [3][-]{subsubsection.2.1.3.3}{\376\377\0002\000.\0001\000.\0003\000.\0003\000\040\000o\000p\000e\000r\000a\000t\000o\000r\000!\000=\000\050\000l\000o\000n\000g\000\040\000l\000o\000n\000g\000\040\000i\000n\000t\000\051\000\040\000c\000o\000n\000s\000t\000\040}{subsection.2.1.3}% 14
\BOOKMARK [3][-]{subsubsection.2.1.3.4}{\376\377\0002\000.\0001\000.\0003\000.\0004\000\040\000o\000p\000e\000r\000a\000t\000o\000r\000>\000\050\000l\000o\000n\000g\000\040\000l\000o\000n\000g\000\040\000i\000n\000t\000\051\000\040\000c\000o\000n\000s\000t\000\040}{subsection.2.1.3}% 15
\BOOKMARK [3][-]{subsubsection.2.1.3.5}{\376\377\0002\000.\0001\000.\0003\000.\0005\000\040\000o\000p\000e\000r\000a\000t\000o\000r\000>\000=\000\050\000B\000C\000D\000\040\000\051\000\040\000c\000o\000n\000s\000t\000\040}{subsection.2.1.3}% 16
\BOOKMARK [3][-]{subsubsection.2.1.3.6}{\376\377\0002\000.\0001\000.\0003\000.\0006\000\040\000o\000p\000e\000r\000a\000t\000o\000r\000>\000=\000\050\000l\000o\000n\000g\000\040\000l\000o\000n\000g\000\040\000i\000n\000t\000\051\000\040\000c\000o\000n\000s\000t\000\040}{subsection.2.1.3}% 17
\BOOKMARK [3][-]{subsubsection.2.1.3.7}{\376\377\0002\000.\0001\000.\0003\000.\0007\000\040\000o\000p\000e\000r\000a\000t\000o\000r\000[\000]\000\050\000s\000i\000z\000e\000t\000\040\000i\000d\000x\000\051\000\040\000c\000o\000n\000s\000t\000\040}{subsection.2.1.3}% 18
\BOOKMARK [3][-]{subsubsection.2.1.3.8}{\376\377\0002\000.\0001\000.\0003\000.\0008\000\040\000o\000p\000e\000r\000a\000t\000o\000r\000[\000]\000\050\000s\000i\000z\000e\000t\000\040\000i\000d\000x\000\051}{subsection.2.1.3}% 19
\BOOKMARK [3][-]{subsubsection.2.1.3.9}{\376\377\0002\000.\0001\000.\0003\000.\0009\000\040\000r\000e\000a\000l\000s\000i\000z\000e\000\050\000\051\000\040\000c\000o\000n\000s\000t\000\040}{subsection.2.1.3}% 20
\BOOKMARK [3][-]{subsubsection.2.1.3.10}{\376\377\0002\000.\0001\000.\0003\000.\0001\0000\000\040\000s\000i\000z\000e\000\050\000\051\000\040\000c\000o\000n\000s\000t\000\040}{subsection.2.1.3}% 21
\BOOKMARK [2][-]{subsection.2.1.4}{\376\377\0002\000.\0001\000.\0004\000\040\000B\000a\000r\000\341\000t\000\040\000\351\000s\000\040\000k\000a\000p\000c\000s\000o\000l\000\363\000d\000\363\000\040\000f\000\374\000g\000g\000v\000\351\000n\000y\000e\000k\000\040\000d\000o\000k\000u\000m\000e\000n\000t\000\341\000c\000i\000\363\000j\000a}{section.2.1}% 22
\BOOKMARK [3][-]{subsubsection.2.1.4.1}{\376\377\0002\000.\0001\000.\0004\000.\0001\000\040\000o\000p\000e\000r\000a\000t\000o\000r}{subsection.2.1.4}% 23
\BOOKMARK [3][-]{subsubsection.2.1.4.2}{\376\377\0002\000.\0001\000.\0004\000.\0002\000\040\000o\000p\000e\000r\000a\000t\000o\000r\000<\000<}{subsection.2.1.4}% 24
\BOOKMARK [3][-]{subsubsection.2.1.4.3}{\376\377\0002\000.\0001\000.\0004\000.\0003\000\040\000o\000p\000e\000r\000a\000t\000o\000r\000>\000>}{subsection.2.1.4}% 25
\BOOKMARK [3][-]{subsubsection.2.1.4.4}{\376\377\0002\000.\0001\000.\0004\000.\0004\000\040\000o\000p\000e\000r\000a\000t\000o\000r}{subsection.2.1.4}% 26
\BOOKMARK [3][-]{subsubsection.2.1.4.5}{\376\377\0002\000.\0001\000.\0004\000.\0005\000\040\000o\000p\000e\000r\000a\000t\000o\000r\000|}{subsection.2.1.4}% 27
\BOOKMARK [0][-]{section*.5}{\376\377\000T\000\341\000r\000g\000y\000m\000u\000t\000a\000t\000\363}{}% 28
